#
# A fatal error has been detected by the Java Runtime Environment:
#
#  SIGSEGV (0xb) at pc=0x0000000107b07a57, pid=898, tid=19715
#
# JRE version: 7.0_10-b18
# Java VM: Java HotSpot(TM) 64-Bit Server VM (23.6-b04 mixed mode bsd-amd64 compressed oops)
# Problematic frame:
# V  [libjvm.dylib+0x205a57]
#
# Failed to write core dump. Core dumps have been disabled. To enable core dumping, try "ulimit -c unlimited" before starting Java again
#
# If you would like to submit a bug report, please visit:
#   http://bugreport.sun.com/bugreport/crash.jsp
#

---------------  T H R E A D  ---------------

Current thread (0x00007fac0c029000):  JavaThread "JDWP Transport Listener: dt_socket" daemon [_thread_in_vm, id=19715, stack(0x000000016a75b000,0x000000016a85b000)]

siginfo:si_signo=SIGSEGV: si_errno=0, si_code=0 (SEGV0), si_addr=0x0000000000000000

Registers:
RAX=0x5b00000468c48148, RBX=0x000000016a85a348, RCX=0x0000000000000000, RDX=0x0000000108574460
RSP=0x000000016a85a2b0, RBP=0x000000016a85a2d0, RSI=0x00007fac0c4434c8, RDI=0x00007fac0c4434c8
R8 =0x00007fff88ccf2b4, R9 =0x000000016a85a3d8, R10=0x0000000108409b68, R11=0x000000016a85a378
R12=0x000000016a85a348, R13=0x00007fac0c029000, R14=0x000000016a85a378, R15=0x00007fac0c4434c8
RIP=0x0000000107b07a57, EFLAGS=0x0000000000010246, ERR=0x0000000000000000
  TRAPNO=0x000000000000000d

Top of Stack: (sp=0x000000016a85a2b0)
0x000000016a85a2b0:   000000016a85a378 00007fac0b803330
0x000000016a85a2c0:   000000016a85a348 000000016a85a668
0x000000016a85a2d0:   000000016a85a330 0000000107b06486
0x000000016a85a2e0:   000000016a85a320 0000000107b07850
0x000000016a85a2f0:   000000016a85a350 000000016a85a3c8
0x000000016a85a300:   000000016a85a3c8 00007fac0c4431d0
0x000000016a85a310:   00007fac0b803330 00007fac0c4434c0
0x000000016a85a320:   0000000000000917 000000016a85a668
0x000000016a85a330:   000000016a85a630 0000000107d9eda0
0x000000016a85a340:   000000016a85a3c8 0000000107c07fc3
0x000000016a85a350:   5f415e415d415c41 0000000000000000
0x000000016a85a360:   0000000100000000 5b00000468c48148
0x000000016a85a370:   0000000107c07fc3 0000000000000000
0x000000016a85a380:   0000000000000000 0000000000000000
0x000000016a85a390:   0000000000000000 0000000000000000
0x000000016a85a3a0:   0000000000000000 0000000000000000
0x000000016a85a3b0:   0000000000000000 0000000000000000
0x000000016a85a3c0:   0000000000000000 0000000108409b68
0x000000016a85a3d0:   0000000108409b68 0000000000000000
0x000000016a85a3e0:   0000000000000000 0000000000000000
0x000000016a85a3f0:   0000000000000000 0000000000000000
0x000000016a85a400:   0000000000000000 0000000000000000
0x000000016a85a410:   0000000000000000 0000000000000000
0x000000016a85a420:   0000000000000000 0000000000000000
0x000000016a85a430:   0000000000000000 0000000000000000
0x000000016a85a440:   0000000000000000 0000000000000000
0x000000016a85a450:   0000000000000000 0000000000000000
0x000000016a85a460:   0000000000000000 0000000000000000
0x000000016a85a470:   0000000000000000 0000000000000000
0x000000016a85a480:   0000000000000000 0000000000000000
0x000000016a85a490:   0000000000000000 0000000000000000
0x000000016a85a4a0:   0000000000000000 0000000000000000 

Instructions: (pc=0x0000000107b07a57)
0x0000000107b07a37:   ed ff ff eb 71 49 83 7f 10 00 74 10 4c 89 e7 4c
0x0000000107b07a47:   89 fe 4c 89 f2 e8 ab fc ff ff eb 5a 49 8b 47 20
0x0000000107b07a57:   48 8b 08 48 8b 78 08 48 83 c0 10 49 89 04 24 49
0x0000000107b07a67:   89 44 24 28 49 89 4c 24 20 49 89 7c 24 08 e8 5a 

Register to memory mapping:

RAX=0x5b00000468c48148 is an unknown value
RBX=0x000000016a85a348 is pointing into the stack for thread: 0x00007fac0c029000
RCX=0x0000000000000000 is an unknown value
RDX=0x0000000108574460 is an unknown value
RSP=0x000000016a85a2b0 is pointing into the stack for thread: 0x00007fac0c029000
RBP=0x000000016a85a2d0 is pointing into the stack for thread: 0x00007fac0c029000
RSI=0x00007fac0c4434c8 is an unknown value
RDI=0x00007fac0c4434c8 is an unknown value
R8 =0x00007fff88ccf2b4: memmove$VARIANT$sse3x+0x8c in /usr/lib/system/libsystem_c.dylib at 0x00007fff88cce000
R9 =0x000000016a85a3d8 is pointing into the stack for thread: 0x00007fac0c029000
R10=0x0000000108409b68 is pointing into the stack for thread: 0x00007fac0c003800
R11=0x000000016a85a378 is pointing into the stack for thread: 0x00007fac0c029000
R12=0x000000016a85a348 is pointing into the stack for thread: 0x00007fac0c029000
R13=0x00007fac0c029000 is a thread
R14=0x000000016a85a378 is pointing into the stack for thread: 0x00007fac0c029000
R15=0x00007fac0c4434c8 is an unknown value


Stack: [0x000000016a75b000,0x000000016a85b000],  sp=0x000000016a85a2b0,  free space=1020k
Native frames: (J=compiled Java code, j=interpreted, Vv=VM code, C=native code)
V  [libjvm.dylib+0x205a57]
V  [libjvm.dylib+0x204486]
V  [libjvm.dylib+0x49cda0]
V  [libjvm.dylib+0x49c7e3]
V  [libjvm.dylib+0x2fe054]
V  [libjvm.dylib+0x2fe3dc]
V  [libjvm.dylib+0x2fa23c]
V  [libjvm.dylib+0x2d0936]
C  [libjdwp.dylib+0x8996]  frames+0x1f5
C  [libjdwp.dylib+0xe75e]  debugLoop_run+0x1ce
C  [libjdwp.dylib+0x1f1ba]  attachThread+0x4d
V  [libjvm.dylib+0x30b6a6]
V  [libjvm.dylib+0x4782b4]
V  [libjvm.dylib+0x47979a]
V  [libjvm.dylib+0x3b51b5]
C  [libsystem_c.dylib+0x147a2]  _pthread_start+0x147
C  [libsystem_c.dylib+0x11e1]  thread_start+0xd


---------------  P R O C E S S  ---------------

Java Threads: ( => current thread )
  0x00007fac0c02a000 JavaThread "SIGTERM handler" daemon [_thread_blocked, id=14343, stack(0x000000016a54c000,0x000000016a64c000)]
  0x00007fac0c15f800 JavaThread "Java2D Disposer" daemon [_thread_blocked, id=40195, stack(0x000000016f3f9000,0x000000016f4f9000)]
  0x00007fac0b0fe000 JavaThread "Java2D Queue Flusher" daemon [_thread_blocked, id=36115, stack(0x000000016eb60000,0x000000016ec60000)]
  0x00007fac0c065800 JavaThread "AppKit Thread" daemon [_thread_in_native, id=1799, stack(0x00007fff57c28000,0x00007fff58428000)]
  0x00007fac0b063000 JavaThread "Service Thread" daemon [_thread_blocked, id=20995, stack(0x000000016ac6a000,0x000000016ad6a000)]
  0x00007fac0b067000 JavaThread "C2 CompilerThread1" daemon [_thread_blocked, id=20739, stack(0x000000016ab67000,0x000000016ac67000)]
  0x00007fac0b062800 JavaThread "C2 CompilerThread0" daemon [_thread_blocked, id=20483, stack(0x000000016aa64000,0x000000016ab64000)]
  0x00007fac0c024800 JavaThread "JDWP Event Helper Thread" daemon [_thread_blocked, id=19971, stack(0x000000016a85e000,0x000000016a95e000)]
=>0x00007fac0c029000 JavaThread "JDWP Transport Listener: dt_socket" daemon [_thread_in_vm, id=19715, stack(0x000000016a75b000,0x000000016a85b000)]
  0x00007fac0c023800 JavaThread "Signal Dispatcher" daemon [_thread_blocked, id=18955, stack(0x000000016a652000,0x000000016a752000)]
  0x00007fac0b055800 JavaThread "Finalizer" daemon [_thread_blocked, id=13571, stack(0x000000016a2fd000,0x000000016a3fd000)]
  0x00007fac0b04f000 JavaThread "Reference Handler" daemon [_thread_blocked, id=13315, stack(0x000000016a1fa000,0x000000016a2fa000)]
  0x00007fac0c003800 JavaThread "main" [_thread_blocked, id=4867, stack(0x00000001083aa000,0x00000001084aa000)]

Other Threads:
  0x00007fac0b04c800 VMThread [stack: 0x000000016a0f7000,0x000000016a1f7000] [id=13059]

VM state:synchronizing (normal execution)

VM Mutex/Monitor currently owned by a thread:  ([mutex/lock_event])
[0x00007fac0b804790] Threads_lock - owner thread: 0x00007fac0b04c800

Heap
 PSYoungGen      total 25344K, used 5231K [0x0000000149170000, 0x000000014adb0000, 0x0000000165610000)
  eden space 21760K, 24% used [0x0000000149170000,0x000000014968bd10,0x000000014a6b0000)
  from space 3584K, 0% used [0x000000014aa30000,0x000000014aa30000,0x000000014adb0000)
  to   space 3584K, 0% used [0x000000014a6b0000,0x000000014a6b0000,0x000000014aa30000)
 ParOldGen       total 57920K, used 0K [0x0000000110810000, 0x00000001140a0000, 0x0000000149170000)
  object space 57920K, 0% used [0x0000000110810000,0x0000000110810000,0x00000001140a0000)
 PSPermGen       total 21248K, used 6553K [0x000000010b610000, 0x000000010cad0000, 0x0000000110810000)
  object space 21248K, 30% used [0x000000010b610000,0x000000010bc765a0,0x000000010cad0000)

Card table byte_map: [0x0000000165610000,0x00000001658e1000] byte_map_base: 0x0000000164db4f80

Polling page: 0x00000001084e9000

Code Cache  [0x000000010853d000, 0x00000001087ad000, 0x000000010b53d000)
 total_blobs=323 nmethods=4 adapters=280 free_code_cache=48688Kb largest_free_block=49847168

Compilation events (8 events):
Event: 0.246 Thread 0x00007fac0b062800    1             java.lang.String::hashCode (55 bytes)
Event: 0.255 Thread 0x00007fac0b062800 nmethod 1 0x000000010859c790 code [0x000000010859c8e0, 0x000000010859ca98]
Event: 0.545 Thread 0x00007fac0b062800    2             java.lang.String::charAt (29 bytes)
Event: 0.545 Thread 0x00007fac0b067000    3             sun.nio.cs.US_ASCII$Encoder::encode (107 bytes)
Event: 0.546 Thread 0x00007fac0b062800 nmethod 2 0x00000001085b16d0 code [0x00000001085b1820, 0x00000001085b1918]
Event: 0.550 Thread 0x00007fac0b067000 nmethod 3 0x00000001085afa10 code [0x00000001085afb80, 0x00000001085afef8]
Event: 0.552 Thread 0x00007fac0b062800    4             java.lang.String::indexOf (70 bytes)
Event: 0.555 Thread 0x00007fac0b062800 nmethod 4 0x00000001085af5d0 code [0x00000001085af720, 0x00000001085af908]

GC Heap History (0 events):
No events

Deoptimization events (0 events):
No events

Internal exceptions (10 events):
Event: 0.543 Thread 0x00007fac0c003800 Threw 0x00000001493b0768 at /HUDSON/workspace/jdk7u10-2-build-macosx-amd64-product/jdk7u10/hotspot/src/share/vm/prims/jvm.cpp:1166
Event: 0.548 Thread 0x00007fac0c003800 Threw 0x00000001493c4e98 at /HUDSON/workspace/jdk7u10-2-build-macosx-amd64-product/jdk7u10/hotspot/src/share/vm/prims/jvm.cpp:1166
Event: 0.548 Thread 0x00007fac0c003800 Threw 0x00000001493c50c0 at /HUDSON/workspace/jdk7u10-2-build-macosx-amd64-product/jdk7u10/hotspot/src/share/vm/prims/jvm.cpp:1166
Event: 0.551 Thread 0x00007fac0c003800 Threw 0x00000001493d01b0 at /HUDSON/workspace/jdk7u10-2-build-macosx-amd64-product/jdk7u10/hotspot/src/share/vm/prims/jvm.cpp:1166
Event: 0.551 Thread 0x00007fac0c003800 Threw 0x00000001493d03d8 at /HUDSON/workspace/jdk7u10-2-build-macosx-amd64-product/jdk7u10/hotspot/src/share/vm/prims/jvm.cpp:1166
Event: 0.557 Thread 0x00007fac0c003800 Threw 0x00000001493d4dd8 at /HUDSON/workspace/jdk7u10-2-build-macosx-amd64-product/jdk7u10/hotspot/src/share/vm/prims/jvm.cpp:1166
Event: 0.557 Thread 0x00007fac0c003800 Threw 0x00000001493d69c8 at /HUDSON/workspace/jdk7u10-2-build-macosx-amd64-product/jdk7u10/hotspot/src/share/vm/prims/jvm.cpp:1166
Event: 0.559 Thread 0x00007fac0c003800 Threw 0x00000001493e3ba8 at /HUDSON/workspace/jdk7u10-2-build-macosx-amd64-product/jdk7u10/hotspot/src/share/vm/prims/jvm.cpp:1166
Event: 0.560 Thread 0x00007fac0c003800 Threw 0x00000001493e56e0 at /HUDSON/workspace/jdk7u10-2-build-macosx-amd64-product/jdk7u10/hotspot/src/share/vm/prims/jvm.cpp:1166
Event: 13.627 Thread 0x00007fac0c003800 Threw 0x000000014952b9a0 at /HUDSON/workspace/jdk7u10-2-build-macosx-amd64-product/jdk7u10/hotspot/src/share/vm/interpreter/interpr

Events (10 events):
Event: 31.480 Executing VM operation: RevokeBias done
Event: 31.480 Thread 0x00007fac0b126000 Thread exited: 0x00007fac0b126000
Event: 32.530 loading class 0x00007fac0ac59d70
Event: 32.530 loading class 0x00007fac0ac59d70 done
Event: 32.530 Thread 0x00007fac0c02a000 Thread added: 0x00007fac0c02a000
Event: 32.530 loading class 0x00007fac0ac11120
Event: 32.531 loading class 0x00007fac0ac11120 done
Event: 32.531 loading class 0x00007fac0ac483a0
Event: 32.531 loading class 0x00007fac0ac483a0 done
Event: 32.534 Executing VM operation: Exit


Dynamic libraries:
0x0000000001218000 	/System/Library/Frameworks/Cocoa.framework/Versions/A/Cocoa
0x0000000001218000 	/System/Library/Frameworks/Security.framework/Versions/A/Security
0x0000000001218000 	/System/Library/Frameworks/ApplicationServices.framework/Versions/A/ApplicationServices
0x0000000001218000 	/usr/lib/libz.1.dylib
0x0000000001218000 	/usr/lib/libSystem.B.dylib
0x0000000001218000 	/usr/lib/libobjc.A.dylib
0x0000000001218000 	/System/Library/Frameworks/CoreFoundation.framework/Versions/A/CoreFoundation
0x0000000001218000 	/System/Library/Frameworks/AppKit.framework/Versions/C/AppKit
0x0000000001218000 	/System/Library/Frameworks/CoreData.framework/Versions/A/CoreData
0x0000000001218000 	/System/Library/Frameworks/Foundation.framework/Versions/C/Foundation
0x0000000001218000 	/System/Library/PrivateFrameworks/RemoteViewServices.framework/Versions/A/RemoteViewServices
0x0000000001218000 	/System/Library/Frameworks/AudioToolbox.framework/Versions/A/AudioToolbox
0x0000000001218000 	/System/Library/Frameworks/AudioUnit.framework/Versions/A/AudioUnit
0x0000000001218000 	/System/Library/PrivateFrameworks/DataDetectorsCore.framework/Versions/A/DataDetectorsCore
0x0000000001218000 	/System/Library/PrivateFrameworks/DesktopServicesPriv.framework/Versions/A/DesktopServicesPriv
0x0000000001218000 	/System/Library/Frameworks/Carbon.framework/Versions/A/Frameworks/HIToolbox.framework/Versions/A/HIToolbox
0x0000000001218000 	/System/Library/Frameworks/QuartzCore.framework/Versions/A/QuartzCore
0x0000000001218000 	/System/Library/Frameworks/Carbon.framework/Versions/A/Frameworks/SpeechRecognition.framework/Versions/A/SpeechRecognition
0x0000000001218000 	/usr/lib/libauto.dylib
0x0000000001218000 	/usr/lib/libicucore.A.dylib
0x0000000001218000 	/usr/lib/libxml2.2.dylib
0x0000000001218000 	/System/Library/PrivateFrameworks/CoreUI.framework/Versions/A/CoreUI
0x0000000001218000 	/System/Library/Frameworks/CoreAudio.framework/Versions/A/CoreAudio
0x0000000001218000 	/System/Library/Frameworks/DiskArbitration.framework/Versions/A/DiskArbitration
0x0000000001218000 	/usr/lib/liblangid.dylib
0x0000000001218000 	/System/Library/PrivateFrameworks/MultitouchSupport.framework/Versions/A/MultitouchSupport
0x0000000001218000 	/System/Library/Frameworks/IOKit.framework/Versions/A/IOKit
0x0000000001218000 	/usr/lib/libDiagnosticMessagesClient.dylib
0x0000000001218000 	/System/Library/Frameworks/CoreServices.framework/Versions/A/CoreServices
0x0000000001218000 	/System/Library/PrivateFrameworks/PerformanceAnalysis.framework/Versions/A/PerformanceAnalysis
0x0000000001218000 	/System/Library/PrivateFrameworks/GenerationalStorage.framework/Versions/A/GenerationalStorage
0x0000000001218000 	/System/Library/Frameworks/OpenGL.framework/Versions/A/OpenGL
0x0000000001218000 	/System/Library/Frameworks/CoreText.framework/Versions/A/CoreText
0x0000000001218000 	/System/Library/Frameworks/ImageIO.framework/Versions/A/ImageIO
0x0000000001218000 	/System/Library/PrivateFrameworks/Backup.framework/Versions/A/Backup
0x0000000001218000 	/System/Library/Frameworks/CFNetwork.framework/Versions/A/CFNetwork
0x0000000001218000 	/System/Library/Frameworks/SystemConfiguration.framework/Versions/A/SystemConfiguration
0x0000000001218000 	/usr/lib/libCRFSuite.dylib
0x0000000001218000 	/System/Library/PrivateFrameworks/TCC.framework/Versions/A/TCC
0x0000000001218000 	/usr/lib/libc++.1.dylib
0x0000000001218000 	/usr/lib/libc++abi.dylib
0x0000000001218000 	/usr/lib/system/libcache.dylib
0x0000000001218000 	/usr/lib/system/libcommonCrypto.dylib
0x0000000001218000 	/usr/lib/system/libcompiler_rt.dylib
0x0000000001218000 	/usr/lib/system/libcopyfile.dylib
0x0000000001218000 	/usr/lib/system/libdispatch.dylib
0x0000000001218000 	/usr/lib/system/libdnsinfo.dylib
0x0000000001218000 	/usr/lib/system/libdyld.dylib
0x0000000001218000 	/usr/lib/system/libkeymgr.dylib
0x0000000001218000 	/usr/lib/system/liblaunch.dylib
0x0000000001218000 	/usr/lib/system/libmacho.dylib
0x0000000001218000 	/usr/lib/system/libquarantine.dylib
0x0000000001218000 	/usr/lib/system/libremovefile.dylib
0x0000000001218000 	/usr/lib/system/libsystem_blocks.dylib
0x0000000001218000 	/usr/lib/system/libsystem_c.dylib
0x0000000001218000 	/usr/lib/system/libsystem_dnssd.dylib
0x0000000001218000 	/usr/lib/system/libsystem_info.dylib
0x0000000001218000 	/usr/lib/system/libsystem_kernel.dylib
0x0000000001218000 	/usr/lib/system/libsystem_m.dylib
0x0000000001218000 	/usr/lib/system/libsystem_network.dylib
0x0000000001218000 	/usr/lib/system/libsystem_notify.dylib
0x0000000001218000 	/usr/lib/system/libsystem_sandbox.dylib
0x0000000001218000 	/usr/lib/system/libunc.dylib
0x0000000001218000 	/usr/lib/system/libunwind.dylib
0x0000000001218000 	/usr/lib/system/libxpc.dylib
0x0000000001218000 	/usr/lib/system/libcorecrypto.dylib
0x0000000001218000 	/usr/lib/libstdc++.6.dylib
0x0000000001218000 	/usr/lib/libbsm.0.dylib
0x0000000001218000 	/usr/lib/libsqlite3.dylib
0x0000000001218000 	/usr/lib/libxar.1.dylib
0x0000000001218000 	/usr/lib/libpam.2.dylib
0x0000000001218000 	/usr/lib/libOpenScriptingUtil.dylib
0x0000000001218000 	/usr/lib/libbz2.1.0.dylib
0x0000000001218000 	/System/Library/Frameworks/CoreServices.framework/Versions/A/Frameworks/CarbonCore.framework/Versions/A/CarbonCore
0x0000000001218000 	/System/Library/Frameworks/CoreServices.framework/Versions/A/Frameworks/Metadata.framework/Versions/A/Metadata
0x0000000001218000 	/System/Library/Frameworks/CoreServices.framework/Versions/A/Frameworks/OSServices.framework/Versions/A/OSServices
0x0000000001218000 	/System/Library/Frameworks/CoreServices.framework/Versions/A/Frameworks/SearchKit.framework/Versions/A/SearchKit
0x0000000001218000 	/System/Library/Frameworks/CoreServices.framework/Versions/A/Frameworks/AE.framework/Versions/A/AE
0x0000000001218000 	/System/Library/Frameworks/CoreServices.framework/Versions/A/Frameworks/LaunchServices.framework/Versions/A/LaunchServices
0x0000000001218000 	/System/Library/Frameworks/CoreServices.framework/Versions/A/Frameworks/DictionaryServices.framework/Versions/A/DictionaryServices
0x0000000001218000 	/System/Library/Frameworks/NetFS.framework/Versions/A/NetFS
0x0000000001218000 	/usr/lib/system/libkxld.dylib
0x0000000001218000 	/System/Library/PrivateFrameworks/NetAuth.framework/Versions/A/NetAuth
0x0000000001218000 	/System/Library/Frameworks/OpenDirectory.framework/Versions/A/Frameworks/CFOpenDirectory.framework/Versions/A/CFOpenDirectory
0x0000000001218000 	/usr/lib/libxslt.1.dylib
0x0000000001218000 	/System/Library/PrivateFrameworks/FamilyControls.framework/Versions/A/FamilyControls
0x0000000001218000 	/System/Library/Frameworks/Carbon.framework/Versions/A/Frameworks/Ink.framework/Versions/A/Ink
0x0000000001218000 	/System/Library/Frameworks/ApplicationServices.framework/Versions/A/Frameworks/CoreGraphics.framework/Versions/A/CoreGraphics
0x0000000001218000 	/System/Library/Frameworks/ApplicationServices.framework/Versions/A/Frameworks/ATS.framework/Versions/A/ATS
0x0000000001218000 	/System/Library/Frameworks/ApplicationServices.framework/Versions/A/Frameworks/ColorSync.framework/Versions/A/ColorSync
0x0000000001218000 	/System/Library/Frameworks/ApplicationServices.framework/Versions/A/Frameworks/HIServices.framework/Versions/A/HIServices
0x0000000001218000 	/System/Library/Frameworks/ApplicationServices.framework/Versions/A/Frameworks/LangAnalysis.framework/Versions/A/LangAnalysis
0x0000000001218000 	/System/Library/Frameworks/ApplicationServices.framework/Versions/A/Frameworks/PrintCore.framework/Versions/A/PrintCore
0x0000000001218000 	/System/Library/Frameworks/ApplicationServices.framework/Versions/A/Frameworks/QD.framework/Versions/A/QD
0x0000000001218000 	/System/Library/Frameworks/ApplicationServices.framework/Versions/A/Frameworks/SpeechSynthesis.framework/Versions/A/SpeechSynthesis
0x0000000001218000 	/System/Library/Frameworks/IOSurface.framework/Versions/A/IOSurface
0x0000000001218000 	/System/Library/Frameworks/Accelerate.framework/Versions/A/Accelerate
0x0000000001218000 	/System/Library/Frameworks/ApplicationServices.framework/Versions/A/Frameworks/ATS.framework/Versions/A/Resources/libFontParser.dylib
0x0000000001218000 	/System/Library/Frameworks/ApplicationServices.framework/Versions/A/Frameworks/ATS.framework/Versions/A/Resources/libFontRegistry.dylib
0x0000000001218000 	/System/Library/Frameworks/Accelerate.framework/Versions/A/Frameworks/vImage.framework/Versions/A/vImage
0x0000000001218000 	/System/Library/Frameworks/Accelerate.framework/Versions/A/Frameworks/vecLib.framework/Versions/A/vecLib
0x0000000001218000 	/System/Library/Frameworks/Accelerate.framework/Versions/A/Frameworks/vecLib.framework/Versions/A/libvDSP.dylib
0x0000000001218000 	/System/Library/Frameworks/Accelerate.framework/Versions/A/Frameworks/vecLib.framework/Versions/A/libvMisc.dylib
0x0000000001218000 	/System/Library/Frameworks/Accelerate.framework/Versions/A/Frameworks/vecLib.framework/Versions/A/libLAPACK.dylib
0x0000000001218000 	/System/Library/Frameworks/Accelerate.framework/Versions/A/Frameworks/vecLib.framework/Versions/A/libBLAS.dylib
0x0000000001218000 	/System/Library/Frameworks/ImageIO.framework/Versions/A/Resources/libJPEG.dylib
0x0000000001218000 	/System/Library/Frameworks/ImageIO.framework/Versions/A/Resources/libTIFF.dylib
0x0000000001218000 	/System/Library/Frameworks/ImageIO.framework/Versions/A/Resources/libPng.dylib
0x0000000001218000 	/System/Library/Frameworks/ImageIO.framework/Versions/A/Resources/libGIF.dylib
0x0000000001218000 	/System/Library/Frameworks/ImageIO.framework/Versions/A/Resources/libJP2.dylib
0x0000000001218000 	/System/Library/Frameworks/ImageIO.framework/Versions/A/Resources/libRadiance.dylib
0x0000000001218000 	/usr/lib/libcups.2.dylib
0x0000000001218000 	/System/Library/Frameworks/Kerberos.framework/Versions/A/Kerberos
0x0000000001218000 	/System/Library/Frameworks/GSS.framework/Versions/A/GSS
0x0000000001218000 	/usr/lib/libresolv.9.dylib
0x0000000001218000 	/usr/lib/libiconv.2.dylib
0x0000000001218000 	/System/Library/PrivateFrameworks/Heimdal.framework/Versions/A/Heimdal
0x0000000001218000 	/System/Library/PrivateFrameworks/TrustEvaluationAgent.framework/Versions/A/TrustEvaluationAgent
0x0000000001218000 	/System/Library/Frameworks/OpenDirectory.framework/Versions/A/OpenDirectory
0x0000000001218000 	/System/Library/PrivateFrameworks/CommonAuth.framework/Versions/A/CommonAuth
0x0000000001218000 	/System/Library/PrivateFrameworks/Bom.framework/Versions/A/Bom
0x0000000001218000 	/System/Library/Frameworks/CoreVideo.framework/Versions/A/CoreVideo
0x0000000001218000 	/System/Library/Frameworks/QuartzCore.framework/Versions/A/Frameworks/CoreImage.framework/Versions/A/CoreImage
0x0000000001218000 	/System/Library/Frameworks/QuartzCore.framework/Versions/A/Frameworks/ScalableUserInterface.framework/Versions/A/ScalableUserInterface
0x0000000001218000 	/System/Library/Frameworks/OpenGL.framework/Versions/A/Libraries/libGLU.dylib
0x0000000001218000 	/System/Library/Frameworks/OpenGL.framework/Versions/A/Libraries/libGFXShared.dylib
0x0000000001218000 	/System/Library/Frameworks/OpenGL.framework/Versions/A/Libraries/libGL.dylib
0x0000000001218000 	/System/Library/Frameworks/OpenGL.framework/Versions/A/Libraries/libGLImage.dylib
0x0000000001218000 	/System/Library/Frameworks/OpenGL.framework/Versions/A/Libraries/libCVMSPluginSupport.dylib
0x0000000001218000 	/System/Library/Frameworks/OpenGL.framework/Versions/A/Libraries/libCoreVMClient.dylib
0x0000000001218000 	/System/Library/PrivateFrameworks/CrashReporterSupport.framework/Versions/A/CrashReporterSupport
0x0000000001218000 	/System/Library/Frameworks/OpenCL.framework/Versions/A/OpenCL
0x0000000001218000 	/System/Library/PrivateFrameworks/FaceCoreLight.framework/Versions/A/FaceCoreLight
0x0000000001218000 	/System/Library/PrivateFrameworks/AppleFSCompression.framework/Versions/A/AppleFSCompression
0x0000000001218000 	/System/Library/PrivateFrameworks/Ubiquity.framework/Versions/A/Ubiquity
0x0000000001218000 	/System/Library/Frameworks/ServiceManagement.framework/Versions/A/ServiceManagement
0x0000000001218000 	/System/Library/PrivateFrameworks/ChunkingLibrary.framework/Versions/A/ChunkingLibrary
0x0000000001218000 	/System/Library/Frameworks/vecLib.framework/Versions/A/vecLib
0x0000000001218000 	/System/Library/Frameworks/SecurityFoundation.framework/Versions/A/SecurityFoundation
0x0000000001218000 	/System/Library/PrivateFrameworks/CommerceKit.framework/Versions/A/Frameworks/CommerceCore.framework/Versions/A/CommerceCore
0x0000000001218000 	/System/Library/PrivateFrameworks/CoreSymbolication.framework/Versions/A/CoreSymbolication
0x0000000001218000 	/System/Library/PrivateFrameworks/Symbolication.framework/Versions/A/Symbolication
0x0000000001218000 	/System/Library/PrivateFrameworks/DebugSymbols.framework/Versions/A/DebugSymbols
0x0000000107902000 	/Library/Java/JavaVirtualMachines/jdk1.7.0_10.jdk/Contents/Home/jre/lib/server/libjvm.dylib
0x00000001084ac000 	/Library/Java/JavaVirtualMachines/jdk1.7.0_10.jdk/Contents/Home/jre/lib/libverify.dylib
0x00000001084b9000 	/Library/Java/JavaVirtualMachines/jdk1.7.0_10.jdk/Contents/Home/jre/lib/libjava.dylib
0x00000001084ea000 	/Library/Java/JavaVirtualMachines/jdk1.7.0_10.jdk/Contents/Home/jre/lib/libjdwp.dylib
0x0000000108527000 	/Library/Java/JavaVirtualMachines/jdk1.7.0_10.jdk/Contents/Home/jre/lib/./libnpt.dylib
0x0000000108534000 	/Library/Java/JavaVirtualMachines/jdk1.7.0_10.jdk/Contents/Home/jre/lib/libzip.dylib
0x000000016a3ff000 	/System/Library/Frameworks/JavaVM.framework/Frameworks/JavaRuntimeSupport.framework/JavaRuntimeSupport
0x000000016a417000 	/System/Library/Frameworks/JavaVM.framework/Versions/A/Frameworks/JavaNativeFoundation.framework/Versions/A/JavaNativeFoundation
0x000000016a42c000 	/System/Library/Frameworks/JavaVM.framework/Versions/A/JavaVM
0x0000000001218000 	/System/Library/Frameworks/Carbon.framework/Versions/A/Carbon
0x000000016a439000 	/System/Library/PrivateFrameworks/JavaLaunching.framework/Versions/A/JavaLaunching
0x0000000001218000 	/System/Library/Frameworks/Carbon.framework/Versions/A/Frameworks/CommonPanels.framework/Versions/A/CommonPanels
0x0000000001218000 	/System/Library/Frameworks/Carbon.framework/Versions/A/Frameworks/Help.framework/Versions/A/Help
0x0000000001218000 	/System/Library/Frameworks/Carbon.framework/Versions/A/Frameworks/ImageCapture.framework/Versions/A/ImageCapture
0x0000000001218000 	/System/Library/Frameworks/Carbon.framework/Versions/A/Frameworks/OpenScripting.framework/Versions/A/OpenScripting
0x0000000001218000 	/System/Library/Frameworks/Carbon.framework/Versions/A/Frameworks/Print.framework/Versions/A/Print
0x0000000001218000 	/System/Library/Frameworks/Carbon.framework/Versions/A/Frameworks/SecurityHI.framework/Versions/A/SecurityHI
0x000000016a754000 	/Library/Java/JavaVirtualMachines/jdk1.7.0_10.jdk/Contents/Home/jre/lib/libdt_socket.dylib
0x000000016aeba000 	/Library/Java/JavaVirtualMachines/jdk1.7.0_10.jdk/Contents/Home/jre/lib/libawt.dylib
0x000000016af69000 	/Library/Java/JavaVirtualMachines/jdk1.7.0_10.jdk/Contents/Home/jre/lib/./libmlib_image.dylib
0x000000016b035000 	/Library/Java/JavaVirtualMachines/jdk1.7.0_10.jdk/Contents/Home/jre/lib/lwawt/liblwawt.dylib
0x000000016b0e7000 	/Library/Java/JavaVirtualMachines/jdk1.7.0_10.jdk/Contents/Home/jre/lib/libosxapp.dylib
0x000000016b103000 	/System/Library/Frameworks/ExceptionHandling.framework/Versions/A/ExceptionHandling
0x0000000001218000 	/System/Library/PrivateFrameworks/CoreServicesInternal.framework/Versions/A/CoreServicesInternal
0x0000000001218000 	/System/Library/PrivateFrameworks/Librarian.framework/Versions/A/Librarian
0x0000000001218000 	/System/Library/Frameworks/ApplicationServices.framework/Versions/A/Frameworks/CoreGraphics.framework/Versions/A/Resources/libCSync.A.dylib
0x0000000001218000 	/System/Library/Frameworks/ApplicationServices.framework/Versions/A/Frameworks/CoreGraphics.framework/Versions/A/Resources/libRIP.A.dylib
0x0000000001218000 	/System/Library/Frameworks/ApplicationServices.framework/Versions/A/Frameworks/CoreGraphics.framework/Versions/A/Resources/libCGXType.A.dylib
0x000000016ec62000 	/System/Library/Frameworks/OpenGL.framework/Resources/GLEngine.bundle/GLEngine
0x000000016ee57000 	/System/Library/Frameworks/OpenGL.framework/Versions/A/Libraries/libGLProgrammability.dylib
0x0000000000000000 	/System/Library/Extensions/GeForceGLDriver.bundle/Contents/MacOS/GeForceGLDriver
0x000000016c66a000 	/System/Library/PrivateFrameworks/GPUSupport.framework/Versions/A/Libraries/libGPUSupport.dylib
0x0000000001218000 	/System/Library/Extensions/GeForceGLDriver.bundle/Contents/MacOS/libclh.dylib
0x000000016d356000 	/System/Library/Frameworks/OpenGL.framework/Resources//GLRendererFloat.bundle/GLRendererFloat
0x000000016efff000 	/System/Library/Frameworks/OpenCL.framework/Versions/A/Libraries/libcldcpuengine.dylib
0x0000000001218000 	/System/Library/PrivateFrameworks/DiskImages.framework/Versions/A/DiskImages
0x0000000001218000 	/System/Library/Frameworks/DiscRecording.framework/Versions/A/DiscRecording
0x0000000001218000 	/usr/lib/libcurl.4.dylib
0x0000000001218000 	/System/Library/PrivateFrameworks/MediaKit.framework/Versions/A/MediaKit
0x0000000001218000 	/usr/lib/libssl.0.9.8.dylib
0x0000000001218000 	/usr/lib/libcrypto.0.9.8.dylib
0x0000000001218000 	/System/Library/Frameworks/LDAP.framework/Versions/A/LDAP
0x0000000001218000 	/usr/lib/libsasl2.2.dylib
0x000000016f4fb000 	/Library/Java/JavaVirtualMachines/jdk1.7.0_10.jdk/Contents/Home/jre/lib/libfontmanager.dylib
0x000000016f547000 	/Library/Java/JavaVirtualMachines/jdk1.7.0_10.jdk/Contents/Home/jre/lib/libosxui.dylib

VM Arguments:
jvm_args: -agentlib:jdwp=transport=dt_socket,suspend=y,address=localhost:50375 -Dfile.encoding=US-ASCII 
java_command: Maze
Launcher Type: SUN_STANDARD

Environment Variables:
PATH=/usr/bin:/bin:/usr/sbin:/sbin
SHELL=/bin/bash
DISPLAY=/tmp/launch-M0UOKa/org.macosforge.xquartz:0

Signal Handlers:
SIGSEGV: [libjvm.dylib+0x4a363d], sa_mask[0]=0xfffefeff, sa_flags=0x00000042
SIGBUS: [libjvm.dylib+0x4a363d], sa_mask[0]=0xfffefeff, sa_flags=0x00000042
SIGFPE: [libjvm.dylib+0x3b3051], sa_mask[0]=0xfffefeff, sa_flags=0x00000042
SIGPIPE: [libjvm.dylib+0x3b3051], sa_mask[0]=0xfffefeff, sa_flags=0x00000042
SIGXFSZ: [libjvm.dylib+0x3b3051], sa_mask[0]=0xfffefeff, sa_flags=0x00000042
SIGILL: [libjvm.dylib+0x3b3051], sa_mask[0]=0xfffefeff, sa_flags=0x00000042
SIGUSR1: SIG_DFL, sa_mask[0]=0x00000000, sa_flags=0x00000002
SIGUSR2: [libjvm.dylib+0x3b2bea], sa_mask[0]=0x00000004, sa_flags=0x00000042
SIGHUP: [libjvm.dylib+0x3b0e4b], sa_mask[0]=0xfffefeff, sa_flags=0x00000042
SIGINT: [libjvm.dylib+0x3b0e4b], sa_mask[0]=0xfffefeff, sa_flags=0x00000042
SIGTERM: [libjvm.dylib+0x3b0e4b], sa_mask[0]=0xfffefeff, sa_flags=0x00000042
SIGQUIT: [libjvm.dylib+0x3b0e4b], sa_mask[0]=0xfffefeff, sa_flags=0x00000042


---------------  S Y S T E M  ---------------

OS:Bsduname:Darwin 12.3.0 Darwin Kernel Version 12.3.0: Sun Jan  6 22:37:10 PST 2013; root:xnu-2050.22.13~1/RELEASE_X86_64 x86_64
rlimit: STACK 8192k, CORE 0k, NPROC 709, NOFILE 10240, AS infinity
load average:0.78 0.95 1.04

CPU:total 2 (2 cores per cpu, 1 threads per core) family 6 model 23 stepping 10, cmov, cx8, fxsr, mmx, sse, sse2, sse3, ssse3, sse4.1, tsc

Memory: 4k page, physical 5555704k(1388926k free)

/proc/meminfo:


vm_info: Java HotSpot(TM) 64-Bit Server VM (23.6-b04) for bsd-amd64 JRE (1.7.0_10-b18), built on Nov 28 2012 07:52:20 by "java_re" with gcc 4.2.1 (Based on Apple Inc. build 5658) (LLVM build 2336.9.00)

time: Fri Apr 19 11:19:28 2013
elapsed time: 32 seconds

